<?xml version="1.0" encoding="UTF-8"?>
<!-- Generated by org.testng.reporters.JUnitXMLReporter -->
<testsuite ignored="4" hostname="ASPLAP1421" failures="0" tests="1" name="Default test" time="11.094" errors="0" timestamp="2025-02-19T09:37:39 IST">
  <testcase classname="Testing.FilterTesting" name="explore" time="0.596"/>
  <testcase classname="Testing.FilterTesting" name="vegOrNonVeg" time="0.0">
    <ignored/>
  </testcase> <!-- vegOrNonVeg -->
  <testcase classname="Testing.FilterTesting" name="sortBy" time="0.0">
    <ignored/>
  </testcase> <!-- sortBy -->
  <testcase classname="Testing.FilterTesting" name="cuisines" time="0.0">
    <ignored/>
  </testcase> <!-- cuisines -->
  <testcase classname="Testing.FilterTesting" name="ratings" time="0.0">
    <ignored/>
  </testcase> <!-- ratings -->
</testsuite> <!-- Default test -->
