<?xml version="1.0" encoding="UTF-8"?>
<!-- Generated by org.testng.reporters.JUnitXMLReporter -->
<testsuite ignored="3" hostname="ASPLAP1421" failures="0" tests="0" time="0.019" errors="0" timestamp="2025-02-17T10:08:10 IST">
  <testcase classname="Testing.SmokeTesting1" name="hotelPageTest" time="0.0">
    <ignored/>
  </testcase> <!-- hotelPageTest -->
  <testcase classname="Testing.SmokeTesting1" name="HomePageTest" time="0.0">
    <ignored/>
  </testcase> <!-- HomePageTest -->
  <testcase classname="Testing.SmokeTesting1" name="cartPageTest" time="0.0">
    <ignored/>
  </testcase> <!-- cartPageTest -->
</testsuite>
