<?xml version="1.0" encoding="UTF-8"?>
<!-- Generated by org.testng.reporters.JUnitXMLReporter -->
<testsuite ignored="0" hostname="ASPLAP1421" failures="0" tests="3" name="Test" time="23.976" errors="0" timestamp="2025-02-20T18:01:52 IST">
  <testcase classname="Testing.SmokeTesting1" name="HomePageTest" time="0.643"/>
  <testcase classname="Testing.SmokeTesting1" name="hotelPageTest" time="4.292"/>
  <testcase classname="Testing.SmokeTesting1" name="cartPageTest" time="7.211"/>
</testsuite> <!-- Test -->
