<?xml version="1.0" encoding="UTF-8"?>
<testng-results ignored="0" total="3" passed="3" failed="0" skipped="0">
  <reporter-output>
  </reporter-output>
  <suite started-at="2025-02-20T18:01:28 IST" name="Suite" finished-at="2025-02-20T18:01:52 IST" duration-ms="23976">
    <groups>
      <group name="somke-1">
        <method signature="SmokeTesting1.HomePageTest()[pri:0, instance:Testing.SmokeTesting1@78f5c518]" name="HomePageTest" class="Testing.SmokeTesting1"/>
        <method signature="SmokeTesting1.hotelPageTest()[pri:0, instance:Testing.SmokeTesting1@78f5c518]" name="hotelPageTest" class="Testing.SmokeTesting1"/>
        <method signature="SmokeTesting1.cartPageTest()[pri:0, instance:Testing.SmokeTesting1@78f5c518]" name="cartPageTest" class="Testing.SmokeTesting1"/>
      </group> <!-- somke-1 -->
    </groups>
    <test started-at="2025-02-20T18:01:28 IST" name="Test" finished-at="2025-02-20T18:01:52 IST" duration-ms="23976">
      <class name="Testing.SmokeTesting1">
        <test-method is-config="true" signature="driverSetup(java.lang.String)[pri:0, instance:Testing.SmokeTesting1@78f5c518]" started-at="2025-02-20T18:01:28 IST" name="driverSetup" finished-at="2025-02-20T18:01:39 IST" duration-ms="11368" status="PASS">
          <params>
            <param index="0">
              <value>
                <![CDATA[chrome]]>
              </value>
            </param>
          </params>
          <reporter-output>
          </reporter-output>
        </test-method> <!-- driverSetup -->
        <test-method signature="HomePageTest()[pri:0, instance:Testing.SmokeTesting1@78f5c518]" started-at="2025-02-20T18:01:39 IST" name="HomePageTest" finished-at="2025-02-20T18:01:40 IST" duration-ms="643" status="PASS">
          <reporter-output>
          </reporter-output>
        </test-method> <!-- HomePageTest -->
        <test-method signature="hotelPageTest()[pri:0, instance:Testing.SmokeTesting1@78f5c518]" started-at="2025-02-20T18:01:40 IST" name="hotelPageTest" finished-at="2025-02-20T18:01:44 IST" depends-on-methods="Testing.SmokeTesting1.HomePageTest" duration-ms="4292" status="PASS">
          <reporter-output>
          </reporter-output>
        </test-method> <!-- hotelPageTest -->
        <test-method signature="cartPageTest()[pri:0, instance:Testing.SmokeTesting1@78f5c518]" started-at="2025-02-20T18:01:44 IST" name="cartPageTest" finished-at="2025-02-20T18:01:52 IST" depends-on-methods="Testing.SmokeTesting1.hotelPageTest" duration-ms="7211" status="PASS">
          <reporter-output>
          </reporter-output>
        </test-method> <!-- cartPageTest -->
        <test-method is-config="true" signature="driverQuit()[pri:0, instance:Testing.SmokeTesting1@78f5c518]" started-at="2025-02-20T18:01:52 IST" name="driverQuit" finished-at="2025-02-20T18:01:52 IST" duration-ms="418" status="PASS">
          <reporter-output>
          </reporter-output>
        </test-method> <!-- driverQuit -->
      </class> <!-- Testing.SmokeTesting1 -->
    </test> <!-- Test -->
  </suite> <!-- Suite -->
</testng-results>
