<?xml version="1.0" encoding="UTF-8"?>
<!-- Generated by org.testng.reporters.JUnitReportReporter -->
<testsuite hostname="ASPLAP1421" failures="0" tests="4" name="Testing.NavigationTest" time="32.195" errors="0" timestamp="2025-02-17T18:16:12 IST" skipped="0">
  <testcase classname="Testing.NavigationTest" name="loginLink" time="2.043"/>
  <system-out/>
  <testcase classname="Testing.NavigationTest" name="offersLink" time="4.578"/>
  <system-out/>
  <testcase classname="Testing.NavigationTest" name="searchLink" time="4.730"/>
  <system-out/>
  <testcase classname="Testing.NavigationTest" name="cartLink" time="20.844"/>
  <system-out/>
</testsuite> <!-- Testing.NavigationTest -->
